#
# There is insufficient memory for the Java Runtime Environment to continue.
# Native memory allocation (malloc) failed to allocate 1243536 bytes for Chunk::new
# Possible reasons:
#   The system is out of physical RAM or swap space
#   The process is running with CompressedOops enabled, and the Java Heap may be blocking the growth of the native heap
# Possible solutions:
#   Reduce memory load on the system
#   Increase physical memory or swap space
#   Check if swap backing store is full
#   Decrease Java heap size (-Xmx/-Xms)
#   Decrease number of Java threads
#   Decrease Java thread stack sizes (-Xss)
#   Set larger code cache with -XX:ReservedCodeCacheSize=
#   JVM is running with Zero Based Compressed Oops mode in which the Java heap is
#     placed in the first 32GB address space. The Java Heap base address is the
#     maximum limit for the native heap growth. Please use -XX:HeapBaseMinAddress
#     to set the Java Heap base and to place the Java Heap above 32GB virtual address.
# This output file may be truncated or incomplete.
#
#  Out of Memory Error (arena.cpp:189), pid=19524, tid=496
#
# JRE version: Java(TM) SE Runtime Environment (17.0.7+8) (build 17.0.7+8-LTS-224)
# Java VM: Java HotSpot(TM) 64-Bit Server VM (17.0.7+8-LTS-224, mixed mode, sharing, tiered, compressed oops, compressed class ptrs, g1 gc, windows-amd64)
# No core dump will be written. Minidumps are not enabled by default on client versions of Windows
#

---------------  S U M M A R Y ------------

Command Line: -Dmaven.multiModuleProjectDirectory=C:\projects\ai\wf2 -Djansi.passthrough=true -Dmaven.home=C:/java/JetBrains/IntelliJ IDEA Community Edition 2025/plugins/maven/lib/maven3 -Dclassworlds.conf=C:\java\JetBrains\IntelliJ IDEA Community Edition 2025\plugins\maven\lib\maven3\bin\m2.conf -Dmaven.ext.class.path=C:\java\JetBrains\IntelliJ IDEA Community Edition 2025\plugins\maven\lib\maven-event-listener.jar -javaagent:C:\java\JetBrains\IntelliJ IDEA Community Edition 2025\lib\idea_rt.jar=57946 -Dfile.encoding=UTF-8 org.codehaus.classworlds.Launcher -Didea.version=2025.1.3 install

Host: AMD Ryzen 9 5900HX with Radeon Graphics        , 16 cores, 27G,  Windows 11 , 64 bit Build 22621 (10.0.22621.5415)
Time: Sat Jul  5 17:03:02 2025 Eastern Daylight Time elapsed time: 8.186627 seconds (0d 0h 0m 8s)

---------------  T H R E A D  ---------------

Current thread (0x000002319d102a20):  JavaThread "C2 CompilerThread1" daemon [_thread_in_native, id=496, stack(0x0000009804300000,0x0000009804400000)]


Current CompileTask:
C2:   8186 12168 % !   4       org.aspectj.org.eclipse.jdt.internal.compiler.lookup.BinaryTypeBinding::createMethod @ 1159 (2010 bytes)

Stack: [0x0000009804300000,0x0000009804400000]
Native frames: (J=compiled Java code, j=interpreted, Vv=VM code, C=native code)
V  [jvm.dll+0x676a4a]
V  [jvm.dll+0x7d74f4]
V  [jvm.dll+0x7d8c9e]
V  [jvm.dll+0x7d9303]
V  [jvm.dll+0x2452c5]
V  [jvm.dll+0xaaa2b]
V  [jvm.dll+0xaafcc]
V  [jvm.dll+0x2aac2f]
V  [jvm.dll+0x57f375]
V  [jvm.dll+0x2205f2]
V  [jvm.dll+0x2209cf]
V  [jvm.dll+0x219926]
V  [jvm.dll+0x216df9]
V  [jvm.dll+0x1a35e0]
V  [jvm.dll+0x226a6e]
V  [jvm.dll+0x224e15]
V  [jvm.dll+0x78d05c]
V  [jvm.dll+0x78759a]
V  [jvm.dll+0x675875]
C  [ucrtbase.dll+0x29333]
C  [KERNEL32.DLL+0x1259d]
C  [ntdll.dll+0x5af78]


---------------  P R O C E S S  ---------------

Threads class SMR info:
_java_thread_list=0x000002319e8cf7a0, length=24, elements={
0x00000231f22d2b20, 0x00000231ff7ba840, 0x00000231ff7bb5c0, 0x00000231ff7cfd80,
0x00000231ff7d2750, 0x00000231ff7d3010, 0x00000231ff7d38d0, 0x00000231ff7d44c0,
0x00000231ff7d4e70, 0x00000231ff7df790, 0x000002319d0011d0, 0x000002319d0c3f60,
0x000002319d0c4880, 0x000002319d102a20, 0x000002319d1c6c40, 0x000002319d1e32d0,
0x000002319e042b90, 0x000002319e383700, 0x000002319e383c10, 0x000002319e51f550,
0x000002319e51fa60, 0x000002319e66b020, 0x000002319ef2b5d0, 0x000002319ef2abb0
}

Java Threads: ( => current thread )
  0x00000231f22d2b20 JavaThread "main" [_thread_in_Java, id=9868, stack(0x0000009803000000,0x0000009803100000)]
  0x00000231ff7ba840 JavaThread "Reference Handler" daemon [_thread_blocked, id=3900, stack(0x0000009803700000,0x0000009803800000)]
  0x00000231ff7bb5c0 JavaThread "Finalizer" daemon [_thread_blocked, id=5604, stack(0x0000009803800000,0x0000009803900000)]
  0x00000231ff7cfd80 JavaThread "Signal Dispatcher" daemon [_thread_blocked, id=1216, stack(0x0000009803900000,0x0000009803a00000)]
  0x00000231ff7d2750 JavaThread "Attach Listener" daemon [_thread_blocked, id=6944, stack(0x0000009803a00000,0x0000009803b00000)]
  0x00000231ff7d3010 JavaThread "Service Thread" daemon [_thread_blocked, id=6992, stack(0x0000009803b00000,0x0000009803c00000)]
  0x00000231ff7d38d0 JavaThread "Monitor Deflation Thread" daemon [_thread_blocked, id=28512, stack(0x0000009803c00000,0x0000009803d00000)]
  0x00000231ff7d44c0 JavaThread "C2 CompilerThread0" daemon [_thread_in_native, id=26952, stack(0x0000009803d00000,0x0000009803e00000)]
  0x00000231ff7d4e70 JavaThread "C1 CompilerThread0" daemon [_thread_in_native, id=19576, stack(0x0000009803e00000,0x0000009803f00000)]
  0x00000231ff7df790 JavaThread "Sweeper thread" daemon [_thread_blocked, id=17060, stack(0x0000009803f00000,0x0000009804000000)]
  0x000002319d0011d0 JavaThread "Common-Cleaner" daemon [_thread_blocked, id=17984, stack(0x0000009804000000,0x0000009804100000)]
  0x000002319d0c3f60 JavaThread "C1 CompilerThread1" daemon [_thread_in_native, id=20408, stack(0x0000009804100000,0x0000009804200000)]
  0x000002319d0c4880 JavaThread "C1 CompilerThread2" daemon [_thread_in_native, id=9964, stack(0x0000009804200000,0x0000009804300000)]
=>0x000002319d102a20 JavaThread "C2 CompilerThread1" daemon [_thread_in_native, id=496, stack(0x0000009804300000,0x0000009804400000)]
  0x000002319d1c6c40 JavaThread "Monitor Ctrl-Break" daemon [_thread_in_native, id=21848, stack(0x0000009804400000,0x0000009804500000)]
  0x000002319d1e32d0 JavaThread "Notification Thread" daemon [_thread_blocked, id=24608, stack(0x0000009804500000,0x0000009804600000)]
  0x000002319e042b90 JavaThread "C1 CompilerThread3" daemon [_thread_in_native, id=24120, stack(0x0000009804700000,0x0000009804800000)]
  0x000002319e383700 JavaThread "C2 CompilerThread2" daemon [_thread_in_native, id=28076, stack(0x0000009805100000,0x0000009805200000)]
  0x000002319e383c10 JavaThread "C2 CompilerThread3" daemon [_thread_in_native, id=30600, stack(0x0000009805200000,0x0000009805300000)]
  0x000002319e51f550 JavaThread "C2 CompilerThread4" daemon [_thread_in_native, id=26556, stack(0x0000009805300000,0x0000009805400000)]
  0x000002319e51fa60 JavaThread "C2 CompilerThread5" daemon [_thread_in_native, id=30388, stack(0x0000009805400000,0x0000009805500000)]
  0x000002319e66b020 JavaThread "Thread-1" daemon [_thread_blocked, id=17840, stack(0x0000009805600000,0x0000009805700000)]
  0x000002319ef2b5d0 JavaThread "C2 CompilerThread6" daemon [_thread_in_native, id=17300, stack(0x0000009806600000,0x0000009806700000)]
  0x000002319ef2abb0 JavaThread "C2 CompilerThread7" daemon [_thread_in_native, id=18488, stack(0x0000009806700000,0x0000009806800000)]

Other Threads:
  0x00000231ff7b4930 VMThread "VM Thread" [stack: 0x0000009803600000,0x0000009803700000] [id=6912]
  0x00000231ff662aa0 WatcherThread [stack: 0x0000009804600000,0x0000009804700000] [id=28836]
  0x00000231f236df50 GCTaskThread "GC Thread#0" [stack: 0x0000009803100000,0x0000009803200000] [id=31824]
  0x000002319e5e33a0 GCTaskThread "GC Thread#1" [stack: 0x0000009804800000,0x0000009804900000] [id=31952]
  0x000002319e3ed140 GCTaskThread "GC Thread#2" [stack: 0x0000009804900000,0x0000009804a00000] [id=26948]
  0x000002319e3f2010 GCTaskThread "GC Thread#3" [stack: 0x0000009804a00000,0x0000009804b00000] [id=2496]
  0x000002319e3f22c0 GCTaskThread "GC Thread#4" [stack: 0x0000009804b00000,0x0000009804c00000] [id=30752]
  0x000002319e454470 GCTaskThread "GC Thread#5" [stack: 0x0000009804c00000,0x0000009804d00000] [id=20532]
  0x000002319e454720 GCTaskThread "GC Thread#6" [stack: 0x0000009804d00000,0x0000009804e00000] [id=21720]
  0x000002319e4549d0 GCTaskThread "GC Thread#7" [stack: 0x0000009804e00000,0x0000009804f00000] [id=20888]
  0x000002319e5085a0 GCTaskThread "GC Thread#8" [stack: 0x0000009804f00000,0x0000009805000000] [id=3660]
  0x000002319e508c60 GCTaskThread "GC Thread#9" [stack: 0x0000009805000000,0x0000009805100000] [id=21712]
  0x000002319f48a5b0 GCTaskThread "GC Thread#10" [stack: 0x0000009805700000,0x0000009805800000] [id=31628]
  0x000002319f4892e0 GCTaskThread "GC Thread#11" [stack: 0x0000009805800000,0x0000009805900000] [id=18116]
  0x000002319f48a860 GCTaskThread "GC Thread#12" [stack: 0x0000009805900000,0x0000009805a00000] [id=5016]
  0x00000231f237ce10 ConcurrentGCThread "G1 Main Marker" [stack: 0x0000009803200000,0x0000009803300000] [id=31076]
  0x00000231f237ec30 ConcurrentGCThread "G1 Conc#0" [stack: 0x0000009803300000,0x0000009803400000] [id=7560]
  0x000002319f489590 ConcurrentGCThread "G1 Conc#1" [stack: 0x0000009805a00000,0x0000009805b00000] [id=3100]
  0x000002319f489840 ConcurrentGCThread "G1 Conc#2" [stack: 0x0000009805b00000,0x0000009805c00000] [id=3800]
  0x00000231ff6f6660 ConcurrentGCThread "G1 Refine#0" [stack: 0x0000009803400000,0x0000009803500000] [id=6020]
  0x000002319fd96f20 ConcurrentGCThread "G1 Refine#1" [stack: 0x0000009805500000,0x0000009805600000] [id=21284]
  0x000002319fd96680 ConcurrentGCThread "G1 Refine#2" [stack: 0x0000009805c00000,0x0000009805d00000] [id=32600]
  0x000002319fd960c0 ConcurrentGCThread "G1 Refine#3" [stack: 0x0000009805d00000,0x0000009805e00000] [id=21208]
  0x000002319fd96960 ConcurrentGCThread "G1 Refine#4" [stack: 0x0000009805e00000,0x0000009805f00000] [id=5992]
  0x000002319fd96c40 ConcurrentGCThread "G1 Refine#5" [stack: 0x0000009805f00000,0x0000009806000000] [id=10576]
  0x000002319fd94120 ConcurrentGCThread "G1 Refine#6" [stack: 0x0000009806000000,0x0000009806100000] [id=17392]
  0x000002319fd94400 ConcurrentGCThread "G1 Refine#7" [stack: 0x0000009806100000,0x0000009806200000] [id=19888]
  0x000002319fd97200 ConcurrentGCThread "G1 Refine#8" [stack: 0x0000009806200000,0x0000009806300000] [id=11520]
  0x000002319fd974e0 ConcurrentGCThread "G1 Refine#9" [stack: 0x0000009806300000,0x0000009806400000] [id=27752]
  0x000002319fd977c0 ConcurrentGCThread "G1 Refine#10" [stack: 0x0000009806400000,0x0000009806500000] [id=9000]
  0x000002319fd97aa0 ConcurrentGCThread "G1 Refine#11" [stack: 0x0000009806500000,0x0000009806600000] [id=30308]
  0x00000231ff6f6f90 ConcurrentGCThread "G1 Service" [stack: 0x0000009803500000,0x0000009803600000] [id=22332]

Threads with active compile tasks:
C2 CompilerThread0     8205 12554       4       org.aspectj.org.eclipse.jdt.internal.compiler.lookup.LookupEnvironment::getTypeFromSignature (376 bytes)
C1 CompilerThread0     8205 12679       3       org.aspectj.ajdt.internal.compiler.ast.ValidateAtAspectJAnnotationsVisitor$AspectJAnnotations::<init> (405 bytes)
C1 CompilerThread1     8205 12678       3       org.aspectj.org.eclipse.jdt.internal.compiler.lookup.Scope::parameterCompatibilityLevel (504 bytes)
C1 CompilerThread2     8205 12676       3       org.aspectj.org.eclipse.jdt.internal.compiler.ast.ASTNode::checkInvocationArgument (184 bytes)
C2 CompilerThread1     8205 12168 % !   4       org.aspectj.org.eclipse.jdt.internal.compiler.lookup.BinaryTypeBinding::createMethod @ 1159 (2010 bytes)
C1 CompilerThread3     8205 12675   !   3       org.aspectj.org.eclipse.jdt.internal.compiler.lookup.ParameterizedTypeBinding::getMethodsBase (314 bytes)
C2 CompilerThread2     8205 12631       4       org.aspectj.org.eclipse.jdt.internal.compiler.batch.FileSystem::getModulesDeclaringPackage (271 bytes)
C2 CompilerThread3     8205 12552       4       org.aspectj.org.eclipse.jdt.internal.compiler.lookup.LookupEnvironment::getTypeFromConstantPoolName (111 bytes)
C2 CompilerThread4     8205 10937   !   4       org.codehaus.plexus.classworlds.realm.ClassRealm::loadClass (33 bytes)
C2 CompilerThread5     8205 10936       4       org.codehaus.plexus.classworlds.realm.ClassRealm::loadClass (7 bytes)
C2 CompilerThread6     8205 12553       4       org.aspectj.org.eclipse.jdt.internal.compiler.lookup.LookupEnvironment::getTypeFromCompoundName (160 bytes)
C2 CompilerThread7     8205 12636       4       org.aspectj.apache.bcel.classfile.Attribute::readAttribute (568 bytes)

VM state: not at safepoint (normal execution)

VM Mutex/Monitor currently owned by a thread: None

Heap address: 0x0000000641000000, size: 7152 MB, Compressed Oops mode: Zero based, Oop shift amount: 3

CDS archive(s) mapped at: [0x0000000800000000-0x0000000800bd0000-0x0000000800bd0000), size 12386304, SharedBaseAddress: 0x0000000800000000, ArchiveRelocationMode: 0.
Compressed class space mapped at: 0x0000000800c00000-0x0000000840c00000, reserved size: 1073741824
Narrow klass base: 0x0000000800000000, Narrow klass shift: 0, Narrow klass range: 0x100000000

GC Precious Log:
 CPUs: 16 total, 16 available
 Memory: 28594M
 Large Page Support: Disabled
 NUMA Support: Disabled
 Compressed Oops: Enabled (Zero based)
 Heap Region Size: 4M
 Heap Min Capacity: 8M
 Heap Initial Capacity: 448M
 Heap Max Capacity: 7152M
 Pre-touch: Disabled
 Parallel Workers: 13
 Concurrent Workers: 3
 Concurrent Refinement Workers: 13
 Periodic GC: Disabled

Heap:
 garbage-first heap   total 221184K, used 135455K [0x0000000641000000, 0x0000000800000000)
  region size 4096K, 16 young (65536K), 3 survivors (12288K)
 Metaspace       used 48324K, committed 48832K, reserved 1097728K
  class space    used 4892K, committed 5120K, reserved 1048576K

Heap Regions: E=young(eden), S=young(survivor), O=old, HS=humongous(starts), HC=humongous(continues), CS=collection set, F=free, OA=open archive, CA=closed archive, TAMS=top-at-mark-start (previous, next)
|   0|0x0000000641000000, 0x0000000641400000, 0x0000000641400000|100%| O|  |TAMS 0x0000000641400000, 0x0000000641000000| Complete 
|   1|0x0000000641400000, 0x0000000641800000, 0x0000000641800000|100%| O|  |TAMS 0x0000000641800000, 0x0000000641400000| Untracked 
|   2|0x0000000641800000, 0x0000000641c00000, 0x0000000641c00000|100%| O|  |TAMS 0x0000000641c00000, 0x0000000641800000| Untracked 
|   3|0x0000000641c00000, 0x0000000642000000, 0x0000000642000000|100%| O|  |TAMS 0x0000000642000000, 0x0000000641c00000| Complete 
|   4|0x0000000642000000, 0x0000000642400000, 0x0000000642400000|100%| O|  |TAMS 0x0000000642400000, 0x0000000642000000| Untracked 
|   5|0x0000000642400000, 0x000000064268b000, 0x0000000642800000| 63%| O|  |TAMS 0x000000064268b000, 0x0000000642400000| Complete 
|   6|0x0000000642800000, 0x0000000642c00000, 0x0000000642c00000|100%| O|  |TAMS 0x0000000642c00000, 0x0000000642800000| Complete 
|   7|0x0000000642c00000, 0x0000000643000000, 0x0000000643000000|100%| O|  |TAMS 0x0000000643000000, 0x0000000642c00000| Untracked 
|   8|0x0000000643000000, 0x0000000643400000, 0x0000000643400000|100%| O|  |TAMS 0x0000000643400000, 0x0000000643000000| Complete 
|   9|0x0000000643400000, 0x0000000643800000, 0x0000000643800000|100%| O|  |TAMS 0x0000000643800000, 0x0000000643400000| Complete 
|  10|0x0000000643800000, 0x0000000643c00000, 0x0000000643c00000|100%| O|  |TAMS 0x0000000643c00000, 0x0000000643800000| Untracked 
|  11|0x0000000643c00000, 0x0000000644000000, 0x0000000644000000|100%| O|  |TAMS 0x0000000644000000, 0x0000000643c00000| Untracked 
|  12|0x0000000644000000, 0x0000000644400000, 0x0000000644400000|100%| O|  |TAMS 0x0000000644400000, 0x0000000644000000| Untracked 
|  13|0x0000000644400000, 0x0000000644800000, 0x0000000644800000|100%| O|  |TAMS 0x0000000644800000, 0x0000000644400000| Untracked 
|  14|0x0000000644800000, 0x0000000644c00000, 0x0000000644c00000|100%| O|  |TAMS 0x0000000644c00000, 0x0000000644800000| Complete 
|  15|0x0000000644c00000, 0x0000000645000000, 0x0000000645000000|100%| O|  |TAMS 0x0000000645000000, 0x0000000644c00000| Untracked 
|  16|0x0000000645000000, 0x0000000645400000, 0x0000000645400000|100%| O|  |TAMS 0x0000000645400000, 0x0000000645000000| Untracked 
|  17|0x0000000645400000, 0x0000000645800000, 0x0000000645800000|100%| O|  |TAMS 0x0000000645800000, 0x0000000645400000| Untracked 
|  18|0x0000000645800000, 0x0000000645c00000, 0x0000000645c00000|100%| O|  |TAMS 0x0000000645c00000, 0x0000000645800000| Untracked 
|  19|0x0000000645c00000, 0x0000000645d82200, 0x0000000646000000| 37%| O|  |TAMS 0x0000000645d82200, 0x0000000645c00000| Untracked 
|  20|0x0000000646000000, 0x0000000646000000, 0x0000000646400000|  0%| F|  |TAMS 0x0000000646000000, 0x0000000646000000| Untracked 
|  21|0x0000000646400000, 0x0000000646400000, 0x0000000646800000|  0%| F|  |TAMS 0x0000000646400000, 0x0000000646400000| Untracked 
|  22|0x0000000646800000, 0x0000000646800000, 0x0000000646c00000|  0%| F|  |TAMS 0x0000000646800000, 0x0000000646800000| Untracked 
|  23|0x0000000646c00000, 0x0000000646c00000, 0x0000000647000000|  0%| F|  |TAMS 0x0000000646c00000, 0x0000000646c00000| Untracked 
|  24|0x0000000647000000, 0x0000000647000000, 0x0000000647400000|  0%| F|  |TAMS 0x0000000647000000, 0x0000000647000000| Untracked 
|  25|0x0000000647400000, 0x0000000647400000, 0x0000000647800000|  0%| F|  |TAMS 0x0000000647400000, 0x0000000647400000| Untracked 
|  26|0x0000000647800000, 0x0000000647800000, 0x0000000647c00000|  0%| F|  |TAMS 0x0000000647800000, 0x0000000647800000| Untracked 
|  27|0x0000000647c00000, 0x0000000647c00000, 0x0000000648000000|  0%| F|  |TAMS 0x0000000647c00000, 0x0000000647c00000| Untracked 
|  28|0x0000000648000000, 0x0000000648000000, 0x0000000648400000|  0%| F|  |TAMS 0x0000000648000000, 0x0000000648000000| Untracked 
|  29|0x0000000648400000, 0x0000000648400000, 0x0000000648800000|  0%| F|  |TAMS 0x0000000648400000, 0x0000000648400000| Untracked 
|  30|0x0000000648800000, 0x0000000648800000, 0x0000000648c00000|  0%| F|  |TAMS 0x0000000648800000, 0x0000000648800000| Untracked 
|  31|0x0000000648c00000, 0x0000000648c00000, 0x0000000649000000|  0%| F|  |TAMS 0x0000000648c00000, 0x0000000648c00000| Untracked 
|  32|0x0000000649000000, 0x0000000649000000, 0x0000000649400000|  0%| F|  |TAMS 0x0000000649000000, 0x0000000649000000| Untracked 
|  33|0x0000000649400000, 0x0000000649400000, 0x0000000649800000|  0%| F|  |TAMS 0x0000000649400000, 0x0000000649400000| Untracked 
|  34|0x0000000649800000, 0x0000000649800000, 0x0000000649c00000|  0%| F|  |TAMS 0x0000000649800000, 0x0000000649800000| Untracked 
|  35|0x0000000649c00000, 0x0000000649c00000, 0x000000064a000000|  0%| F|  |TAMS 0x0000000649c00000, 0x0000000649c00000| Untracked 
|  36|0x000000064a000000, 0x000000064a03ab08, 0x000000064a400000|  5%| S|CS|TAMS 0x000000064a000000, 0x000000064a000000| Complete 
|  37|0x000000064a400000, 0x000000064a800000, 0x000000064a800000|100%| S|CS|TAMS 0x000000064a400000, 0x000000064a400000| Complete 
|  38|0x000000064a800000, 0x000000064ac00000, 0x000000064ac00000|100%| S|CS|TAMS 0x000000064a800000, 0x000000064a800000| Complete 
|  39|0x000000064ac00000, 0x000000064ac00000, 0x000000064b000000|  0%| F|  |TAMS 0x000000064ac00000, 0x000000064ac00000| Untracked 
|  40|0x000000064b000000, 0x000000064b000000, 0x000000064b400000|  0%| F|  |TAMS 0x000000064b000000, 0x000000064b000000| Untracked 
|  41|0x000000064b400000, 0x000000064b800000, 0x000000064b800000|100%| E|  |TAMS 0x000000064b400000, 0x000000064b400000| Complete 
|  42|0x000000064b800000, 0x000000064bc00000, 0x000000064bc00000|100%| E|CS|TAMS 0x000000064b800000, 0x000000064b800000| Complete 
|  43|0x000000064bc00000, 0x000000064c000000, 0x000000064c000000|100%| E|CS|TAMS 0x000000064bc00000, 0x000000064bc00000| Complete 
|  44|0x000000064c000000, 0x000000064c400000, 0x000000064c400000|100%| E|CS|TAMS 0x000000064c000000, 0x000000064c000000| Complete 
|  45|0x000000064c400000, 0x000000064c800000, 0x000000064c800000|100%| E|CS|TAMS 0x000000064c400000, 0x000000064c400000| Complete 
|  46|0x000000064c800000, 0x000000064cc00000, 0x000000064cc00000|100%| E|CS|TAMS 0x000000064c800000, 0x000000064c800000| Complete 
|  47|0x000000064cc00000, 0x000000064d000000, 0x000000064d000000|100%| E|CS|TAMS 0x000000064cc00000, 0x000000064cc00000| Complete 
|  48|0x000000064d000000, 0x000000064d400000, 0x000000064d400000|100%| E|CS|TAMS 0x000000064d000000, 0x000000064d000000| Complete 
|  49|0x000000064d400000, 0x000000064d800000, 0x000000064d800000|100%| E|CS|TAMS 0x000000064d400000, 0x000000064d400000| Complete 
|  50|0x000000064d800000, 0x000000064dc00000, 0x000000064dc00000|100%| E|CS|TAMS 0x000000064d800000, 0x000000064d800000| Complete 
|  51|0x000000064dc00000, 0x000000064e000000, 0x000000064e000000|100%| E|CS|TAMS 0x000000064dc00000, 0x000000064dc00000| Complete 
|  66|0x0000000651800000, 0x0000000651c00000, 0x0000000651c00000|100%| E|CS|TAMS 0x0000000651800000, 0x0000000651800000| Complete 
| 111|0x000000065cc00000, 0x000000065d000000, 0x000000065d000000|100%| E|CS|TAMS 0x000000065cc00000, 0x000000065cc00000| Complete 

Card table byte_map: [0x00000231fb1e0000,0x00000231fbfe0000] _byte_map_base: 0x00000231f7fd8000

Marking Bits (Prev, Next): (CMBitMap*) 0x00000231f236e5a0, (CMBitMap*) 0x00000231f236e560
 Prev Bits: [0x0000023195fc0000, 0x000002319cf80000)
 Next Bits: [0x000002318f000000, 0x0000023195fc0000)

Polling page: 0x00000231f1aa0000

Metaspace:

Usage:
  Non-class:     42.41 MB used.
      Class:      4.78 MB used.
       Both:     47.19 MB used.

Virtual space:
  Non-class space:       48.00 MB reserved,      42.69 MB ( 89%) committed,  6 nodes.
      Class space:        1.00 GB reserved,       5.00 MB ( <1%) committed,  1 nodes.
             Both:        1.05 GB reserved,      47.69 MB (  4%) committed. 

Chunk freelists:
   Non-Class:  416.00 KB
       Class:  3.03 MB
        Both:  3.43 MB

MaxMetaspaceSize: unlimited
CompressedClassSpaceSize: 1.00 GB
Initial GC threshold: 21.00 MB
Current GC threshold: 73.12 MB
CDS: on
MetaspaceReclaimPolicy: balanced
 - commit_granule_bytes: 65536.
 - commit_granule_words: 8192.
 - virtual_space_node_default_size: 1048576.
 - enlarge_chunks_in_place: 1.
 - new_chunks_are_fully_committed: 0.
 - uncommit_free_chunks: 1.
 - use_allocation_guard: 0.
 - handle_deallocations: 1.


Internal statistics:

num_allocs_failed_limit: 6.
num_arena_births: 354.
num_arena_deaths: 0.
num_vsnodes_births: 7.
num_vsnodes_deaths: 0.
num_space_committed: 762.
num_space_uncommitted: 0.
num_chunks_returned_to_freelist: 6.
num_chunks_taken_from_freelist: 2166.
num_chunk_merges: 3.
num_chunk_splits: 1566.
num_chunks_enlarged: 1238.
num_purges: 0.
num_inconsistent_stats: 0.

CodeHeap 'non-profiled nmethods': size=119168Kb used=8001Kb max_used=8001Kb free=111166Kb
 bounds [0x0000023187ba0000, 0x0000023188390000, 0x000002318f000000]
CodeHeap 'profiled nmethods': size=119104Kb used=24796Kb max_used=24796Kb free=94307Kb
 bounds [0x0000023180000000, 0x0000023181850000, 0x0000023187450000]
CodeHeap 'non-nmethods': size=7488Kb used=2959Kb max_used=3062Kb free=4528Kb
 bounds [0x0000023187450000, 0x0000023187760000, 0x0000023187ba0000]
 total_blobs=10975 nmethods=10385 adapters=498
 compilation: enabled
              stopped_count=0, restarted_count=0
 full_count=0

Compilation events (20 events):
Event: 8.177 Thread 0x000002319d0c4880 12642       3       org.aspectj.util.GenericSignatureParser::eatIdentifier (17 bytes)
Event: 8.177 Thread 0x000002319d0c4880 nmethod 12642 0x0000023181563310 code [0x00000231815634a0, 0x00000231815635f8]
Event: 8.178 Thread 0x000002319d0c4880 12643       3       java.io.DataInputStream::<init> (30 bytes)
Event: 8.178 Thread 0x000002319d0c4880 nmethod 12643 0x0000023180836f10 code [0x00000231808370e0, 0x0000023180837698]
Event: 8.179 Thread 0x000002319e042b90 12645       3       org.aspectj.org.eclipse.jdt.internal.compiler.lookup.ParameterizedTypeBinding::resolve (185 bytes)
Event: 8.179 Thread 0x00000231ff7d4e70 12647       1       org.aspectj.ajdt.internal.compiler.lookup.EclipseFactory::getTypeMungers (5 bytes)
Event: 8.180 Thread 0x000002319e042b90 nmethod 12645 0x000002318024c510 code [0x000002318024c700, 0x000002318024ce78]
Event: 8.180 Thread 0x00000231ff7d4e70 nmethod 12647 0x00000231881eae10 code [0x00000231881eafa0, 0x00000231881eb078]
Event: 8.181 Thread 0x00000231ff7d4e70 12648  s    3       sun.nio.ch.ChannelInputStream::read (41 bytes)
Event: 8.181 Thread 0x00000231ff7d4e70 nmethod 12648 0x000002318024bc90 code [0x000002318024be60, 0x000002318024c388]
Event: 8.182 Thread 0x000002319d0c4880 12649       1       org.aspectj.weaver.bcel.BcelObjectType::getWeaverState (5 bytes)
Event: 8.182 Thread 0x000002319e042b90 12650       1       org.aspectj.weaver.bcel.BcelObjectType::getModifiers (5 bytes)
Event: 8.182 Thread 0x000002319e042b90 nmethod 12650 0x00000231881eab10 code [0x00000231881eaca0, 0x00000231881ead78]
Event: 8.182 Thread 0x000002319d0c4880 nmethod 12649 0x00000231881ea810 code [0x00000231881ea9a0, 0x00000231881eaa78]
Event: 8.183 Thread 0x000002319e042b90 12651       3       org.aspectj.org.eclipse.jdt.internal.compiler.lookup.InferenceVariable$InferenceVarKey::hashCode (49 bytes)
Event: 8.183 Thread 0x000002319e042b90 nmethod 12651 0x0000023180836b90 code [0x0000023180836d20, 0x0000023180836e78]
Event: 8.184 Thread 0x000002319d0c4880 12652       1       org.aspectj.org.eclipse.jdt.internal.compiler.ast.ASTNode::checkingPotentialCompatibility (2 bytes)
Event: 8.184 Thread 0x000002319d0c4880 nmethod 12652 0x00000231881ea510 code [0x00000231881ea6a0, 0x00000231881ea778]
Event: 8.185 Thread 0x000002319d0c4880 12653       3       org.aspectj.org.eclipse.jdt.internal.compiler.lookup.InferenceContext18::getParameter (37 bytes)
Event: 8.185 Thread 0x000002319d0c4880 nmethod 12653 0x0000023181562b90 code [0x0000023181562d60, 0x00000231815630e8]

GC Heap History (20 events):
Event: 3.780 GC heap before
{Heap before GC invocations=9 (full 0):
 garbage-first heap   total 151552K, used 115731K [0x0000000641000000, 0x0000000800000000)
  region size 4096K, 21 young (86016K), 1 survivors (4096K)
 Metaspace       used 29556K, committed 29952K, reserved 1081344K
  class space    used 3308K, committed 3456K, reserved 1048576K
}
Event: 3.789 GC heap after
{Heap after GC invocations=10 (full 0):
 garbage-first heap   total 151552K, used 44768K [0x0000000641000000, 0x0000000800000000)
  region size 4096K, 3 young (12288K), 3 survivors (12288K)
 Metaspace       used 29556K, committed 29952K, reserved 1081344K
  class space    used 3308K, committed 3456K, reserved 1048576K
}
Event: 4.001 GC heap before
{Heap before GC invocations=10 (full 0):
 garbage-first heap   total 151552K, used 98016K [0x0000000641000000, 0x0000000800000000)
  region size 4096K, 16 young (65536K), 3 survivors (12288K)
 Metaspace       used 29884K, committed 30272K, reserved 1081344K
  class space    used 3331K, committed 3520K, reserved 1048576K
}
Event: 4.009 GC heap after
{Heap after GC invocations=11 (full 0):
 garbage-first heap   total 151552K, used 46657K [0x0000000641000000, 0x0000000800000000)
  region size 4096K, 1 young (4096K), 1 survivors (4096K)
 Metaspace       used 29884K, committed 30272K, reserved 1081344K
  class space    used 3331K, committed 3520K, reserved 1048576K
}
Event: 4.191 GC heap before
{Heap before GC invocations=11 (full 0):
 garbage-first heap   total 151552K, used 104001K [0x0000000641000000, 0x0000000800000000)
  region size 4096K, 15 young (61440K), 1 survivors (4096K)
 Metaspace       used 30008K, committed 30400K, reserved 1081344K
  class space    used 3333K, committed 3520K, reserved 1048576K
}
Event: 4.194 GC heap after
{Heap after GC invocations=12 (full 0):
 garbage-first heap   total 151552K, used 47043K [0x0000000641000000, 0x0000000800000000)
  region size 4096K, 1 young (4096K), 1 survivors (4096K)
 Metaspace       used 30008K, committed 30400K, reserved 1081344K
  class space    used 3333K, committed 3520K, reserved 1048576K
}
Event: 4.852 GC heap before
{Heap before GC invocations=12 (full 0):
 garbage-first heap   total 151552K, used 108483K [0x0000000641000000, 0x0000000800000000)
  region size 4096K, 16 young (65536K), 1 survivors (4096K)
 Metaspace       used 32099K, committed 32448K, reserved 1081344K
  class space    used 3556K, committed 3712K, reserved 1048576K
}
Event: 4.859 GC heap after
{Heap after GC invocations=13 (full 0):
 garbage-first heap   total 151552K, used 49010K [0x0000000641000000, 0x0000000800000000)
  region size 4096K, 2 young (8192K), 2 survivors (8192K)
 Metaspace       used 32099K, committed 32448K, reserved 1081344K
  class space    used 3556K, committed 3712K, reserved 1048576K
}
Event: 5.505 GC heap before
{Heap before GC invocations=13 (full 0):
 garbage-first heap   total 151552K, used 106354K [0x0000000641000000, 0x0000000800000000)
  region size 4096K, 16 young (65536K), 2 survivors (8192K)
 Metaspace       used 32735K, committed 33088K, reserved 1081344K
  class space    used 3598K, committed 3776K, reserved 1048576K
}
Event: 5.515 GC heap after
{Heap after GC invocations=14 (full 0):
 garbage-first heap   total 184320K, used 51805K [0x0000000641000000, 0x0000000800000000)
  region size 4096K, 2 young (8192K), 2 survivors (8192K)
 Metaspace       used 32735K, committed 33088K, reserved 1081344K
  class space    used 3598K, committed 3776K, reserved 1048576K
}
Event: 6.329 GC heap before
{Heap before GC invocations=14 (full 0):
 garbage-first heap   total 184320K, used 129629K [0x0000000641000000, 0x0000000800000000)
  region size 4096K, 22 young (90112K), 2 survivors (8192K)
 Metaspace       used 38087K, committed 38464K, reserved 1089536K
  class space    used 4016K, committed 4160K, reserved 1048576K
}
Event: 6.337 GC heap after
{Heap after GC invocations=15 (full 0):
 garbage-first heap   total 184320K, used 60595K [0x0000000641000000, 0x0000000800000000)
  region size 4096K, 3 young (12288K), 3 survivors (12288K)
 Metaspace       used 38087K, committed 38464K, reserved 1089536K
  class space    used 4016K, committed 4160K, reserved 1048576K
}
Event: 6.604 GC heap before
{Heap before GC invocations=15 (full 0):
 garbage-first heap   total 184320K, used 134323K [0x0000000641000000, 0x0000000800000000)
  region size 4096K, 21 young (86016K), 3 survivors (12288K)
 Metaspace       used 40421K, committed 40832K, reserved 1089536K
  class space    used 4216K, committed 4416K, reserved 1048576K
}
Event: 6.616 GC heap after
{Heap after GC invocations=16 (full 0):
 garbage-first heap   total 184320K, used 68425K [0x0000000641000000, 0x0000000800000000)
  region size 4096K, 2 young (8192K), 2 survivors (8192K)
 Metaspace       used 40421K, committed 40832K, reserved 1089536K
  class space    used 4216K, committed 4416K, reserved 1048576K
}
Event: 6.883 GC heap before
{Heap before GC invocations=16 (full 0):
 garbage-first heap   total 184320K, used 138057K [0x0000000641000000, 0x0000000800000000)
  region size 4096K, 19 young (77824K), 2 survivors (8192K)
 Metaspace       used 42568K, committed 42944K, reserved 1089536K
  class space    used 4435K, committed 4608K, reserved 1048576K
}
Event: 6.892 GC heap after
{Heap after GC invocations=17 (full 0):
 garbage-first heap   total 184320K, used 77815K [0x0000000641000000, 0x0000000800000000)
  region size 4096K, 3 young (12288K), 3 survivors (12288K)
 Metaspace       used 42568K, committed 42944K, reserved 1089536K
  class space    used 4435K, committed 4608K, reserved 1048576K
}
Event: 6.968 GC heap before
{Heap before GC invocations=17 (full 0):
 garbage-first heap   total 184320K, used 135159K [0x0000000641000000, 0x0000000800000000)
  region size 4096K, 17 young (69632K), 3 survivors (12288K)
 Metaspace       used 42568K, committed 42944K, reserved 1089536K
  class space    used 4435K, committed 4608K, reserved 1048576K
}
Event: 6.977 GC heap after
{Heap after GC invocations=18 (full 0):
 garbage-first heap   total 221184K, used 84421K [0x0000000641000000, 0x0000000800000000)
  region size 4096K, 2 young (8192K), 2 survivors (8192K)
 Metaspace       used 42568K, committed 42944K, reserved 1089536K
  class space    used 4435K, committed 4608K, reserved 1048576K
}
Event: 7.321 GC heap before
{Heap before GC invocations=18 (full 0):
 garbage-first heap   total 221184K, used 141765K [0x0000000641000000, 0x0000000800000000)
  region size 4096K, 17 young (69632K), 2 survivors (8192K)
 Metaspace       used 44336K, committed 44800K, reserved 1089536K
  class space    used 4614K, committed 4864K, reserved 1048576K
}
Event: 7.325 GC heap after
{Heap after GC invocations=19 (full 0):
 garbage-first heap   total 221184K, used 86303K [0x0000000641000000, 0x0000000800000000)
  region size 4096K, 3 young (12288K), 3 survivors (12288K)
 Metaspace       used 44336K, committed 44800K, reserved 1089536K
  class space    used 4614K, committed 4864K, reserved 1048576K
}

Deoptimization events (20 events):
Event: 8.090 Thread 0x00000231f22d2b20 DEOPT PACKING pc=0x0000023187e9541c sp=0x00000098030fca90
Event: 8.090 Thread 0x00000231f22d2b20 DEOPT UNPACKING pc=0x00000231874a23a3 sp=0x00000098030fca00 mode 2
Event: 8.106 Thread 0x00000231f22d2b20 Uncommon trap: trap_request=0xffffff45 fr.pc=0x000002318833909c relative=0x00000000000009dc
Event: 8.106 Thread 0x00000231f22d2b20 Uncommon trap: reason=unstable_if action=reinterpret pc=0x000002318833909c method=org.aspectj.org.eclipse.jdt.internal.compiler.util.CharDeduplication.sharedCopyOfRange([CII)[C @ 147 c2
Event: 8.106 Thread 0x00000231f22d2b20 DEOPT PACKING pc=0x000002318833909c sp=0x00000098030fcdb0
Event: 8.106 Thread 0x00000231f22d2b20 DEOPT UNPACKING pc=0x00000231874a23a3 sp=0x00000098030fccd8 mode 2
Event: 8.111 Thread 0x00000231f22d2b20 DEOPT PACKING pc=0x00000231809a5b1e sp=0x00000098030fc4c0
Event: 8.111 Thread 0x00000231f22d2b20 DEOPT UNPACKING pc=0x00000231874a2b43 sp=0x00000098030fb9d0 mode 0
Event: 8.111 Thread 0x00000231f22d2b20 DEOPT PACKING pc=0x00000231809a5b1e sp=0x00000098030fc4c0
Event: 8.111 Thread 0x00000231f22d2b20 DEOPT UNPACKING pc=0x00000231874a2b43 sp=0x00000098030fb9d0 mode 0
Event: 8.111 Thread 0x00000231f22d2b20 DEOPT PACKING pc=0x00000231809a5b1e sp=0x00000098030fc4c0
Event: 8.111 Thread 0x00000231f22d2b20 DEOPT UNPACKING pc=0x00000231874a2b43 sp=0x00000098030fb9d0 mode 0
Event: 8.112 Thread 0x00000231f22d2b20 DEOPT PACKING pc=0x00000231809a5b1e sp=0x00000098030fc4c0
Event: 8.112 Thread 0x00000231f22d2b20 DEOPT UNPACKING pc=0x00000231874a2b43 sp=0x00000098030fb9d0 mode 0
Event: 8.113 Thread 0x00000231f22d2b20 DEOPT PACKING pc=0x00000231809a5b1e sp=0x00000098030fc100
Event: 8.113 Thread 0x00000231f22d2b20 DEOPT UNPACKING pc=0x00000231874a2b43 sp=0x00000098030fb610 mode 0
Event: 8.113 Thread 0x00000231f22d2b20 DEOPT PACKING pc=0x00000231809a5b1e sp=0x00000098030fc1c0
Event: 8.113 Thread 0x00000231f22d2b20 DEOPT UNPACKING pc=0x00000231874a2b43 sp=0x00000098030fb6d0 mode 0
Event: 8.167 Thread 0x00000231f22d2b20 DEOPT PACKING pc=0x0000023181644aca sp=0x00000098030fbe30
Event: 8.167 Thread 0x00000231f22d2b20 DEOPT UNPACKING pc=0x00000231874a2b43 sp=0x00000098030fb300 mode 0

Classes unloaded (0 events):
No events

Classes redefined (0 events):
No events

Internal exceptions (20 events):
Event: 5.277 Thread 0x00000231f22d2b20 Exception <a 'sun/nio/fs/WindowsException'{0x0000000648133ec0}> (0x0000000648133ec0) 
thrown [s\open\src\hotspot\share\prims\jni.cpp, line 516]
Event: 5.277 Thread 0x00000231f22d2b20 Exception <a 'sun/nio/fs/WindowsException'{0x0000000648134538}> (0x0000000648134538) 
thrown [s\open\src\hotspot\share\prims\jni.cpp, line 516]
Event: 5.277 Thread 0x00000231f22d2b20 Exception <a 'sun/nio/fs/WindowsException'{0x0000000648134c58}> (0x0000000648134c58) 
thrown [s\open\src\hotspot\share\prims\jni.cpp, line 516]
Event: 5.340 Thread 0x00000231f22d2b20 Implicit null exception at 0x0000023187e20874 to 0x0000023187e26310
Event: 5.340 Thread 0x00000231f22d2b20 Implicit null exception at 0x0000023187df5f8c to 0x0000023187df6c80
Event: 5.340 Thread 0x00000231f22d2b20 Implicit null exception at 0x0000023187e2e7c8 to 0x0000023187e342dc
Event: 5.357 Thread 0x00000231f22d2b20 Implicit null exception at 0x0000023187e3e21c to 0x0000023187e43200
Event: 6.178 Thread 0x00000231f22d2b20 Exception <a 'java/lang/NoSuchMethodError'{0x00000006487318e8}: 'java.lang.Object java.lang.invoke.Invokers$Holder.invoke_MT(java.lang.Object, java.lang.Object, java.lang.Object)'> (0x00000006487318e8) 
thrown [s\open\src\hotspot\share\interpreter\linkResolver.cpp, line 759]
Event: 6.822 Thread 0x00000231f22d2b20 Exception <a 'java/lang/NoSuchMethodError'{0x00000006497dbca8}: 'int java.lang.invoke.DirectMethodHandle$Holder.invokeStaticInit(java.lang.Object, java.lang.Object, java.lang.Object)'> (0x00000006497dbca8) 
thrown [s\open\src\hotspot\share\interpreter\linkResolver.cpp, line 759]
Event: 7.117 Thread 0x00000231f22d2b20 Exception <a 'java/lang/IncompatibleClassChangeError'{0x000000064d0ea930}: Found class java.lang.Object, but interface was expected> (0x000000064d0ea930) 
thrown [s\open\src\hotspot\share\interpreter\linkResolver.cpp, line 826]
Event: 7.291 Thread 0x00000231f22d2b20 Exception <a 'java/lang/NoSuchMethodError'{0x000000064b75c4f0}: 'int java.lang.invoke.DirectMethodHandle$Holder.invokeSpecialIFC(java.lang.Object, java.lang.Object, java.lang.Object)'> (0x000000064b75c4f0) 
thrown [s\open\src\hotspot\share\interpreter\linkResolver.cpp, line 759]
Event: 7.367 Thread 0x00000231f22d2b20 Exception <a 'java/lang/NoSuchMethodError'{0x000000065cc80878}: 'java.lang.Object java.lang.invoke.DirectMethodHandle$Holder.newInvokeSpecial(java.lang.Object, java.lang.Object, java.lang.Object, int, java.lang.Object)'> (0x000000065cc80878) 
thrown [s\open\src\hotspot\share\interpreter\linkResolver.cpp, line 759]
Event: 7.367 Thread 0x00000231f22d2b20 Exception <a 'java/lang/NoSuchMethodError'{0x000000065cc884f0}: 'java.lang.Object java.lang.invoke.Invokers$Holder.linkToTargetMethod(java.lang.Object, java.lang.Object, int, java.lang.Object, java.lang.Object)'> (0x000000065cc884f0) 
thrown [s\open\src\hotspot\share\interpreter\linkResolver.cpp, line 759]
Event: 7.564 Thread 0x00000231f22d2b20 Implicit null exception at 0x00000231883265bb to 0x000002318832671c
Event: 7.837 Thread 0x00000231f22d2b20 Exception <a 'java/lang/ArrayIndexOutOfBoundsException'{0x000000064cebdcc8}: Index 5 out of bounds for length 5> (0x000000064cebdcc8) 
thrown [s\open\src\hotspot\share\interpreter\interpreterRuntime.cpp, line 428]
Event: 7.837 Thread 0x00000231f22d2b20 Exception <a 'java/lang/ArrayIndexOutOfBoundsException'{0x000000064cebe2e0}: Index 5 out of bounds for length 5> (0x000000064cebe2e0) 
thrown [s\open\src\hotspot\share\interpreter\interpreterRuntime.cpp, line 428]
Event: 7.837 Thread 0x00000231f22d2b20 Exception <a 'java/lang/ArrayIndexOutOfBoundsException'{0x000000064cebe8a8}: Index 5 out of bounds for length 5> (0x000000064cebe8a8) 
thrown [s\open\src\hotspot\share\interpreter\interpreterRuntime.cpp, line 428]
Event: 8.048 Thread 0x00000231f22d2b20 Exception <a 'java/lang/NoSuchMethodError'{0x000000064c0da758}: 'java.lang.Object java.lang.invoke.DirectMethodHandle$Holder.newInvokeSpecial(java.lang.Object, java.lang.Object, java.lang.Object, java.lang.Object, int)'> (0x000000064c0da758) 
thrown [s\open\src\hotspot\share\interpreter\linkResolver.cpp, line 759]
Event: 8.048 Thread 0x00000231f22d2b20 Exception <a 'java/lang/NoSuchMethodError'{0x000000064c0def28}: 'java.lang.Object java.lang.invoke.DirectMethodHandle$Holder.invokeSpecial(java.lang.Object, java.lang.Object, java.lang.Object, java.lang.Object, java.lang.Object, int)'> (0x000000064c0def28) 
thrown [s\open\src\hotspot\share\interpreter\linkResolver.cpp, line 759]
Event: 8.049 Thread 0x00000231f22d2b20 Exception <a 'java/lang/NoSuchMethodError'{0x000000064c0e2eb8}: 'java.lang.Object java.lang.invoke.Invokers$Holder.linkToTargetMethod(java.lang.Object, java.lang.Object, java.lang.Object, int, java.lang.Object)'> (0x000000064c0e2eb8) 
thrown [s\open\src\hotspot\share\interpreter\linkResolver.cpp, line 759]

VM Operations (20 events):
Event: 7.709 Executing VM operation: HandshakeAllThreads
Event: 7.709 Executing VM operation: HandshakeAllThreads done
Event: 7.720 Executing VM operation: HandshakeAllThreads
Event: 7.720 Executing VM operation: HandshakeAllThreads done
Event: 7.756 Executing VM operation: HandshakeAllThreads
Event: 7.756 Executing VM operation: HandshakeAllThreads done
Event: 7.810 Executing VM operation: HandshakeAllThreads
Event: 7.810 Executing VM operation: HandshakeAllThreads done
Event: 7.917 Executing VM operation: HandshakeAllThreads
Event: 7.917 Executing VM operation: HandshakeAllThreads done
Event: 7.946 Executing VM operation: ICBufferFull
Event: 7.946 Executing VM operation: ICBufferFull done
Event: 8.040 Executing VM operation: HandshakeAllThreads
Event: 8.040 Executing VM operation: HandshakeAllThreads done
Event: 8.044 Executing VM operation: HandshakeAllThreads
Event: 8.044 Executing VM operation: HandshakeAllThreads done
Event: 8.058 Executing VM operation: ICBufferFull
Event: 8.058 Executing VM operation: ICBufferFull done
Event: 8.073 Executing VM operation: HandshakeAllThreads
Event: 8.073 Executing VM operation: HandshakeAllThreads done

Events (20 events):
Event: 7.742 Thread 0x00000231ff7df790 flushing nmethod 0x00000231815c4890
Event: 7.742 Thread 0x00000231ff7df790 flushing nmethod 0x00000231815c6310
Event: 7.742 Thread 0x00000231ff7df790 flushing nmethod 0x00000231815c8590
Event: 7.742 Thread 0x00000231ff7df790 flushing nmethod 0x00000231815c8f90
Event: 7.742 Thread 0x00000231ff7df790 flushing nmethod 0x00000231815cb410
Event: 7.742 Thread 0x00000231ff7df790 flushing nmethod 0x00000231815cc290
Event: 7.742 Thread 0x00000231ff7df790 flushing nmethod 0x00000231815cce10
Event: 7.742 Thread 0x00000231ff7df790 flushing nmethod 0x00000231815e5f10
Event: 7.742 Thread 0x00000231ff7df790 flushing nmethod 0x00000231815fdf90
Event: 7.742 Thread 0x00000231ff7df790 flushing nmethod 0x000002318162a790
Event: 7.743 Thread 0x00000231ff7df790 flushing nmethod 0x0000023181650510
Event: 7.743 Thread 0x00000231ff7df790 flushing nmethod 0x0000023181671110
Event: 7.791 loading class java/util/Hashtable$ValueCollection
Event: 7.791 loading class java/util/Hashtable$ValueCollection done
Event: 7.793 loading class java/util/Hashtable$KeySet
Event: 7.793 loading class java/util/Hashtable$KeySet done
Event: 7.857 loading class java/util/DualPivotQuicksort
Event: 7.857 loading class java/util/DualPivotQuicksort done
Event: 7.985 loading class java/util/Comparators$NaturalOrderComparator
Event: 7.985 loading class java/util/Comparators$NaturalOrderComparator done


Dynamic libraries:
0x00007ff6439a0000 - 0x00007ff6439b0000 	C:\java\jdk-17\bin\java.exe
0x00007ffca9090000 - 0x00007ffca92a7000 	C:\WINDOWS\SYSTEM32\ntdll.dll
0x00007ffca7ad0000 - 0x00007ffca7b94000 	C:\WINDOWS\System32\KERNEL32.DLL
0x00007ffca6180000 - 0x00007ffca6552000 	C:\WINDOWS\System32\KERNELBASE.dll
0x00007ffca6600000 - 0x00007ffca6711000 	C:\WINDOWS\System32\ucrtbase.dll
0x00007ffc98ac0000 - 0x00007ffc98ad9000 	C:\java\jdk-17\bin\jli.dll
0x00007ffc98cc0000 - 0x00007ffc98cdb000 	C:\java\jdk-17\bin\VCRUNTIME140.dll
0x00007ffca79d0000 - 0x00007ffca7a81000 	C:\WINDOWS\System32\ADVAPI32.dll
0x00007ffca8400000 - 0x00007ffca84a7000 	C:\WINDOWS\System32\msvcrt.dll
0x00007ffca84b0000 - 0x00007ffca8558000 	C:\WINDOWS\System32\sechost.dll
0x00007ffca68c0000 - 0x00007ffca68e8000 	C:\WINDOWS\System32\bcrypt.dll
0x00007ffca8f30000 - 0x00007ffca9044000 	C:\WINDOWS\System32\RPCRT4.dll
0x00007ffca8610000 - 0x00007ffca87c1000 	C:\WINDOWS\System32\USER32.dll
0x00007ffc9a9c0000 - 0x00007ffc9ac5b000 	C:\WINDOWS\WinSxS\amd64_microsoft.windows.common-controls_6595b64144ccf1df_6.0.22621.5415_none_270d77d17387d7da\COMCTL32.dll
0x00007ffca6720000 - 0x00007ffca6746000 	C:\WINDOWS\System32\win32u.dll
0x00007ffca80f0000 - 0x00007ffca8119000 	C:\WINDOWS\System32\GDI32.dll
0x00007ffca6970000 - 0x00007ffca6a93000 	C:\WINDOWS\System32\gdi32full.dll
0x00007ffca6560000 - 0x00007ffca65fa000 	C:\WINDOWS\System32\msvcp_win.dll
0x00007ffca4d50000 - 0x00007ffca4d5a000 	C:\WINDOWS\SYSTEM32\VERSION.dll
0x00007ffca7a90000 - 0x00007ffca7ac1000 	C:\WINDOWS\System32\IMM32.DLL
0x00007ffca0250000 - 0x00007ffca025c000 	C:\java\jdk-17\bin\vcruntime140_1.dll
0x00007ffc6da20000 - 0x00007ffc6daae000 	C:\java\jdk-17\bin\msvcp140.dll
0x00007ffc08150000 - 0x00007ffc08d2d000 	C:\java\jdk-17\bin\server\jvm.dll
0x00007ffca7bb0000 - 0x00007ffca7bb8000 	C:\WINDOWS\System32\PSAPI.DLL
0x00007ffc9fa10000 - 0x00007ffc9fa19000 	C:\WINDOWS\SYSTEM32\WSOCK32.dll
0x00007ffc9f330000 - 0x00007ffc9f364000 	C:\WINDOWS\SYSTEM32\WINMM.dll
0x00007ffca7950000 - 0x00007ffca79c1000 	C:\WINDOWS\System32\WS2_32.dll
0x00007ffca5170000 - 0x00007ffca5188000 	C:\WINDOWS\SYSTEM32\kernel.appcore.dll
0x00007ffc994a0000 - 0x00007ffc994aa000 	C:\java\jdk-17\bin\jimage.dll
0x00007ffc9c230000 - 0x00007ffc9c463000 	C:\WINDOWS\SYSTEM32\DBGHELP.DLL
0x00007ffca89c0000 - 0x00007ffca8d53000 	C:\WINDOWS\System32\combase.dll
0x00007ffca88e0000 - 0x00007ffca89b7000 	C:\WINDOWS\System32\OLEAUT32.dll
0x00007ffc99ef0000 - 0x00007ffc99f22000 	C:\WINDOWS\SYSTEM32\dbgcore.DLL
0x00007ffca6ca0000 - 0x00007ffca6d1b000 	C:\WINDOWS\System32\bcryptPrimitives.dll
0x00007ffc98fa0000 - 0x00007ffc98fae000 	C:\java\jdk-17\bin\instrument.dll
0x00007ffc85740000 - 0x00007ffc85765000 	C:\java\jdk-17\bin\java.dll
0x00007ffc6d610000 - 0x00007ffc6d6e7000 	C:\java\jdk-17\bin\jsvml.dll
0x00007ffca6d30000 - 0x00007ffca75d2000 	C:\WINDOWS\System32\SHELL32.dll
0x00007ffca6aa0000 - 0x00007ffca6bdf000 	C:\WINDOWS\System32\wintypes.dll
0x00007ffca3d80000 - 0x00007ffca469e000 	C:\WINDOWS\SYSTEM32\windows.storage.dll
0x00007ffca87d0000 - 0x00007ffca88db000 	C:\WINDOWS\System32\SHCORE.dll
0x00007ffca7650000 - 0x00007ffca76b9000 	C:\WINDOWS\System32\shlwapi.dll
0x00007ffca60b0000 - 0x00007ffca60db000 	C:\WINDOWS\SYSTEM32\profapi.dll
0x00007ffc6d9e0000 - 0x00007ffc6d9f8000 	C:\java\jdk-17\bin\zip.dll
0x00007ffc98aa0000 - 0x00007ffc98ab9000 	C:\java\jdk-17\bin\net.dll
0x00007ffc9ee90000 - 0x00007ffc9efbc000 	C:\WINDOWS\SYSTEM32\WINHTTP.dll
0x00007ffca55e0000 - 0x00007ffca5649000 	C:\WINDOWS\system32\mswsock.dll
0x00007ffc6da00000 - 0x00007ffc6da16000 	C:\java\jdk-17\bin\nio.dll
0x00007ffc98380000 - 0x00007ffc983a4000 	C:\Users\ak-Ryzen\AppData\Local\Temp\jansi-2.4.1-bd945040dcb03709-jansi.dll
0x00007ffc8f920000 - 0x00007ffc8f930000 	C:\java\jdk-17\bin\verify.dll
0x00007ffca5280000 - 0x00007ffca52b4000 	C:\WINDOWS\SYSTEM32\ntmarta.dll

dbghelp: loaded successfully - version: 4.0.5 - missing functions: none
symbol engine: initialized successfully - sym options: 0x614 - pdb path: .;C:\java\jdk-17\bin;C:\WINDOWS\SYSTEM32;C:\WINDOWS\WinSxS\amd64_microsoft.windows.common-controls_6595b64144ccf1df_6.0.22621.5415_none_270d77d17387d7da;C:\java\jdk-17\bin\server;C:\Users\ak-Ryzen\AppData\Local\Temp

VM Arguments:
jvm_args: -Dmaven.multiModuleProjectDirectory=C:\projects\ai\wf2 -Djansi.passthrough=true -Dmaven.home=C:/java/JetBrains/IntelliJ IDEA Community Edition 2025/plugins/maven/lib/maven3 -Dclassworlds.conf=C:\java\JetBrains\IntelliJ IDEA Community Edition 2025\plugins\maven\lib\maven3\bin\m2.conf -Dmaven.ext.class.path=C:\java\JetBrains\IntelliJ IDEA Community Edition 2025\plugins\maven\lib\maven-event-listener.jar -javaagent:C:\java\JetBrains\IntelliJ IDEA Community Edition 2025\lib\idea_rt.jar=57946 -Dfile.encoding=UTF-8 
java_command: org.codehaus.classworlds.Launcher -Didea.version=2025.1.3 install
java_class_path (initial): C:\java\JetBrains\IntelliJ IDEA Community Edition 2025\plugins\maven\lib\maven3\boot\plexus-classworlds-2.8.0.jar;C:\java\JetBrains\IntelliJ IDEA Community Edition 2025\plugins\maven\lib\maven3\boot\plexus-classworlds.license
Launcher Type: SUN_STANDARD

[Global flags]
     intx CICompilerCount                          = 12                                        {product} {ergonomic}
     uint ConcGCThreads                            = 3                                         {product} {ergonomic}
     uint G1ConcRefinementThreads                  = 13                                        {product} {ergonomic}
   size_t G1HeapRegionSize                         = 4194304                                   {product} {ergonomic}
    uintx GCDrainStackTargetSize                   = 64                                        {product} {ergonomic}
   size_t InitialHeapSize                          = 469762048                                 {product} {ergonomic}
   size_t MarkStackSize                            = 4194304                                   {product} {ergonomic}
   size_t MaxHeapSize                              = 7499415552                                {product} {ergonomic}
   size_t MaxNewSize                               = 4496293888                                {product} {ergonomic}
   size_t MinHeapDeltaBytes                        = 4194304                                   {product} {ergonomic}
   size_t MinHeapSize                              = 8388608                                   {product} {ergonomic}
    uintx NonNMethodCodeHeapSize                   = 7602480                                {pd product} {ergonomic}
    uintx NonProfiledCodeHeapSize                  = 122027880                              {pd product} {ergonomic}
    uintx ProfiledCodeHeapSize                     = 122027880                              {pd product} {ergonomic}
    uintx ReservedCodeCacheSize                    = 251658240                              {pd product} {ergonomic}
     bool SegmentedCodeCache                       = true                                      {product} {ergonomic}
   size_t SoftMaxHeapSize                          = 7499415552                             {manageable} {ergonomic}
     bool UseCompressedClassPointers               = true                           {product lp64_product} {ergonomic}
     bool UseCompressedOops                        = true                           {product lp64_product} {ergonomic}
     bool UseG1GC                                  = true                                      {product} {ergonomic}
     bool UseLargePagesIndividualAllocation        = false                                  {pd product} {ergonomic}

Logging:
Log output configuration:
 #0: stdout all=warning uptime,level,tags
 #1: stderr all=off uptime,level,tags

Environment Variables:
PATH=C:\app\ak-Ryzen\product\21c\dbhomeXE\bin;C:\Python312\Scripts\;C:\Python312\;C:\Python311\Scripts\;C:\Python311\;C:\Program Files\Common Files\Oracle\Java\javapath;C:\WINDOWS\system32;C:\WINDOWS;C:\WINDOWS\System32\Wbem;C:\WINDOWS\System32\WindowsPowerShell\v1.0\;C:\WINDOWS\System32\OpenSSH\;C:\scala\bin;C:\scala\devkit-2.13.8\bin;C:\Program Files (x86)\Common Files\DivX Shared\DesktopService;C:\Program Files\nodejs\;C:\ProgramData\chocolatey\bin;C:\bin\TortoiseGit\bin;C:\bin\Git\cmd;C:\Program Files\dotnet\;C:\Program Files\Docker\Docker\resources\bin;C:\Users\ak-Ryzen\AppData\Local\Microsoft\WindowsApps;C:\Users\ak-Ryzen\AppData\Local\GitHubDesktop\bin;C:\Users\ak-Ryzen\AppData\Roaming\npm;C:\astro\GraXpert\
USERNAME=ak-Ryzen
OS=Windows_NT
PROCESSOR_IDENTIFIER=AMD64 Family 25 Model 80 Stepping 0, AuthenticAMD



---------------  S Y S T E M  ---------------

OS:
 Windows 11 , 64 bit Build 22621 (10.0.22621.5415)
OS uptime: 24 days 19:53 hours
Hyper-V role detected

CPU: total 16 (initial active 16) (16 cores per cpu, 2 threads per core) family 25 model 80 stepping 0 microcode 0x0, cx8, cmov, fxsr, ht, mmx, 3dnowpref, sse, sse2, sse3, ssse3, sse4a, sse4.1, sse4.2, popcnt, lzcnt, tsc, tscinvbit, avx, avx2, aes, erms, clmul, bmi1, bmi2, adx, sha, fma, vzeroupper, clflush, clflushopt, hv

Memory: 4k page, system-wide physical 28594M (2523M free)
TotalPageFile size 44594M (AvailPageFile size 0M)
current process WorkingSet (physical memory assigned to process): 675M, peak: 675M
current process commit charge ("private bytes"): 720M, peak: 720M

vm_info: Java HotSpot(TM) 64-Bit Server VM (17.0.7+8-LTS-224) for windows-amd64 JRE (17.0.7+8-LTS-224), built on Feb 28 2023 23:03:02 by "mach5one" with MS VC++ 17.1 (VS2022)

END.
